{"C:\\Users\\nick.werle\\Documents\\GitHub\\html5sortable\\src\\html.sortable.src.js":{"path":"C:\\Users\\nick.werle\\Documents\\GitHub\\html5sortable\\src\\html.sortable.src.js","s":{"1":1,"2":1,"3":1,"4":1,"5":1,"6":58,"7":58,"8":58,"9":58,"10":58,"11":58,"12":1,"13":58,"14":58,"15":58,"16":1,"17":4,"18":4,"19":4,"20":2,"21":1,"22":5,"23":4,"24":5,"25":4,"26":5,"27":1,"28":4,"29":1,"30":3,"31":3,"32":3,"33":1,"34":41,"35":37,"36":4,"37":1,"38":18,"39":18,"40":18,"41":18,"42":1,"43":18,"44":18,"45":18,"46":1,"47":5,"48":1,"49":4,"50":3,"51":1,"52":1,"53":17,"54":17,"55":17,"56":17,"57":17,"58":17,"59":17,"60":17,"61":1,"62":40,"63":40,"64":40,"65":40,"66":40,"67":40,"68":40,"69":0,"70":0,"71":0,"72":0,"73":1,"74":2,"75":2,"76":2,"77":2,"78":2,"79":2,"80":1,"81":39,"82":39,"83":39,"84":39,"85":39,"86":39,"87":1,"88":59,"89":59,"90":59,"91":59,"92":59,"93":59,"94":20,"95":20,"96":39,"97":39,"98":39,"99":39,"100":39,"101":39,"102":39,"103":39,"104":39,"105":31,"106":31,"107":31,"108":31,"109":39,"110":39,"111":39,"112":27,"113":39,"114":39,"115":39,"116":39,"117":2,"118":2,"119":1,"120":2,"121":2,"122":0,"123":39,"124":3,"125":3,"126":1,"127":2,"128":0,"129":0,"130":2,"131":2,"132":2,"133":2,"134":2,"135":2,"136":2,"137":2,"138":39,"139":0,"140":0,"141":0,"142":0,"143":0,"144":0,"145":0,"146":0,"147":0,"148":0,"149":0,"150":0,"151":39,"152":0,"153":0,"154":0,"155":0,"156":0,"157":0,"158":39,"159":0,"160":0,"161":0,"162":0,"163":0,"164":0,"165":0,"166":0,"167":0,"168":0,"169":0,"170":0,"171":0,"172":0,"173":0,"174":0,"175":0,"176":0,"177":0,"178":0,"179":0,"180":0,"181":0,"182":0,"183":1,"184":17,"185":1,"186":1,"187":1,"188":2,"189":1,"190":59,"191":1,"192":1},"b":{"1":[2,2],"2":[4,1],"3":[4,1],"4":[37,4],"5":[1,4],"6":[3,1],"7":[17,6],"8":[0,17],"9":[2,38],"10":[40,0],"11":[0,40],"12":[40,0],"13":[0,0],"14":[0,2],"15":[2,37],"16":[20,39],"17":[39,0],"18":[39,0],"19":[31,8],"20":[27,12],"21":[2,37],"22":[1,1],"23":[1,2],"24":[3,2],"25":[0,2],"26":[0,0],"27":[0,0],"28":[0,0],"29":[0,0],"30":[0,0],"31":[0,0],"32":[0,0],"33":[0,0],"34":[0,0],"35":[0,0],"36":[0,0],"37":[0,0],"38":[0,0],"39":[0,0],"40":[0,0]},"f":{"1":58,"2":58,"3":4,"4":5,"5":4,"6":3,"7":41,"8":18,"9":18,"10":5,"11":17,"12":40,"13":0,"14":2,"15":39,"16":59,"17":59,"18":2,"19":0,"20":3,"21":0,"22":0,"23":0,"24":17,"25":1,"26":2,"27":59},"fnMap":{"1":{"name":"(anonymous_1)","line":24,"loc":{"start":{"line":24,"column":24},"end":{"line":24,"column":40}}},"2":{"name":"(anonymous_2)","line":37,"loc":{"start":{"line":37,"column":28},"end":{"line":37,"column":47}}},"3":{"name":"(anonymous_3)","line":47,"loc":{"start":{"line":47,"column":19},"end":{"line":47,"column":42}}},"4":{"name":"(anonymous_4)","line":62,"loc":{"start":{"line":62,"column":19},"end":{"line":62,"column":38}}},"5":{"name":"(anonymous_5)","line":75,"loc":{"start":{"line":75,"column":17},"end":{"line":75,"column":40}}},"6":{"name":"(anonymous_6)","line":88,"loc":{"start":{"line":88,"column":16},"end":{"line":88,"column":46}}},"7":{"name":"(anonymous_7)","line":101,"loc":{"start":{"line":101,"column":18},"end":{"line":101,"column":46}}},"8":{"name":"(anonymous_8)","line":111,"loc":{"start":{"line":111,"column":26},"end":{"line":111,"column":45}}},"9":{"name":"(anonymous_9)","line":121,"loc":{"start":{"line":121,"column":22},"end":{"line":121,"column":38}}},"10":{"name":"(anonymous_10)","line":130,"loc":{"start":{"line":130,"column":22},"end":{"line":130,"column":50}}},"11":{"name":"(anonymous_11)","line":143,"loc":{"start":{"line":143,"column":23},"end":{"line":143,"column":42}}},"12":{"name":"(anonymous_12)","line":159,"loc":{"start":{"line":159,"column":22},"end":{"line":159,"column":41}}},"13":{"name":"(anonymous_13)","line":170,"loc":{"start":{"line":170,"column":32},"end":{"line":170,"column":43}}},"14":{"name":"(anonymous_14)","line":183,"loc":{"start":{"line":183,"column":23},"end":{"line":183,"column":42}}},"15":{"name":"(anonymous_15)","line":196,"loc":{"start":{"line":196,"column":22},"end":{"line":196,"column":41}}},"16":{"name":"(anonymous_16)","line":210,"loc":{"start":{"line":210,"column":15},"end":{"line":210,"column":43}}},"17":{"name":"(anonymous_17)","line":228,"loc":{"start":{"line":228,"column":25},"end":{"line":228,"column":36}}},"18":{"name":"(anonymous_18)","line":274,"loc":{"start":{"line":274,"column":18},"end":{"line":274,"column":29}}},"19":{"name":"(anonymous_19)","line":276,"loc":{"start":{"line":276,"column":9},"end":{"line":276,"column":20}}},"20":{"name":"(anonymous_20)","line":282,"loc":{"start":{"line":282,"column":30},"end":{"line":282,"column":42}}},"21":{"name":"(anonymous_21)","line":316,"loc":{"start":{"line":316,"column":28},"end":{"line":316,"column":39}}},"22":{"name":"(anonymous_22)","line":348,"loc":{"start":{"line":348,"column":46},"end":{"line":348,"column":58}}},"23":{"name":"(anonymous_23)","line":360,"loc":{"start":{"line":360,"column":55},"end":{"line":360,"column":67}}},"24":{"name":"(anonymous_24)","line":406,"loc":{"start":{"line":406,"column":19},"end":{"line":406,"column":38}}},"25":{"name":"(anonymous_25)","line":410,"loc":{"start":{"line":410,"column":18},"end":{"line":410,"column":37}}},"26":{"name":"(anonymous_26)","line":414,"loc":{"start":{"line":414,"column":19},"end":{"line":414,"column":38}}},"27":{"name":"(anonymous_27)","line":418,"loc":{"start":{"line":418,"column":16},"end":{"line":418,"column":34}}}},"statementMap":{"1":{"start":{"line":15,"column":0},"end":{"line":15,"column":13}},"2":{"start":{"line":16,"column":0},"end":{"line":16,"column":19}},"3":{"start":{"line":17,"column":0},"end":{"line":17,"column":23}},"4":{"start":{"line":18,"column":0},"end":{"line":18,"column":19}},"5":{"start":{"line":24,"column":0},"end":{"line":31,"column":2}},"6":{"start":{"line":25,"column":2},"end":{"line":25,"column":29}},"7":{"start":{"line":26,"column":2},"end":{"line":26,"column":27}},"8":{"start":{"line":27,"column":2},"end":{"line":27,"column":31}},"9":{"start":{"line":28,"column":2},"end":{"line":28,"column":28}},"10":{"start":{"line":29,"column":2},"end":{"line":29,"column":29}},"11":{"start":{"line":30,"column":2},"end":{"line":30,"column":24}},"12":{"start":{"line":37,"column":0},"end":{"line":41,"column":2}},"13":{"start":{"line":38,"column":2},"end":{"line":38,"column":31}},"14":{"start":{"line":39,"column":2},"end":{"line":39,"column":32}},"15":{"start":{"line":40,"column":2},"end":{"line":40,"column":27}},"16":{"start":{"line":47,"column":0},"end":{"line":56,"column":2}},"17":{"start":{"line":49,"column":2},"end":{"line":49,"column":44}},"18":{"start":{"line":50,"column":2},"end":{"line":50,"column":41}},"19":{"start":{"line":53,"column":2},"end":{"line":55,"column":3}},"20":{"start":{"line":54,"column":4},"end":{"line":54,"column":66}},"21":{"start":{"line":62,"column":0},"end":{"line":70,"column":2}},"22":{"start":{"line":63,"column":2},"end":{"line":65,"column":3}},"23":{"start":{"line":64,"column":4},"end":{"line":64,"column":66}},"24":{"start":{"line":66,"column":2},"end":{"line":68,"column":3}},"25":{"start":{"line":67,"column":4},"end":{"line":67,"column":65}},"26":{"start":{"line":69,"column":2},"end":{"line":69,"column":15}},"27":{"start":{"line":75,"column":0},"end":{"line":80,"column":2}},"28":{"start":{"line":76,"column":2},"end":{"line":79,"column":4}},"29":{"start":{"line":88,"column":0},"end":{"line":95,"column":2}},"30":{"start":{"line":90,"column":2},"end":{"line":90,"column":39}},"31":{"start":{"line":92,"column":2},"end":{"line":92,"column":37}},"32":{"start":{"line":94,"column":2},"end":{"line":94,"column":29}},"33":{"start":{"line":101,"column":0},"end":{"line":106,"column":2}},"34":{"start":{"line":102,"column":2},"end":{"line":104,"column":3}},"35":{"start":{"line":103,"column":4},"end":{"line":103,"column":19}},"36":{"start":{"line":105,"column":2},"end":{"line":105,"column":18}},"37":{"start":{"line":111,"column":0},"end":{"line":116,"column":2}},"38":{"start":{"line":112,"column":2},"end":{"line":112,"column":30}},"39":{"start":{"line":113,"column":2},"end":{"line":113,"column":37}},"40":{"start":{"line":114,"column":2},"end":{"line":114,"column":31}},"41":{"start":{"line":115,"column":2},"end":{"line":115,"column":41}},"42":{"start":{"line":121,"column":0},"end":{"line":125,"column":2}},"43":{"start":{"line":122,"column":2},"end":{"line":122,"column":35}},"44":{"start":{"line":123,"column":2},"end":{"line":123,"column":32}},"45":{"start":{"line":124,"column":2},"end":{"line":124,"column":27}},"46":{"start":{"line":130,"column":0},"end":{"line":138,"column":2}},"47":{"start":{"line":131,"column":2},"end":{"line":133,"column":3}},"48":{"start":{"line":132,"column":4},"end":{"line":132,"column":16}},"49":{"start":{"line":134,"column":2},"end":{"line":136,"column":3}},"50":{"start":{"line":135,"column":4},"end":{"line":135,"column":72}},"51":{"start":{"line":137,"column":2},"end":{"line":137,"column":15}},"52":{"start":{"line":143,"column":0},"end":{"line":154,"column":2}},"53":{"start":{"line":144,"column":2},"end":{"line":144,"column":41}},"54":{"start":{"line":145,"column":2},"end":{"line":145,"column":44}},"55":{"start":{"line":146,"column":2},"end":{"line":146,"column":62}},"56":{"start":{"line":148,"column":2},"end":{"line":148,"column":34}},"57":{"start":{"line":149,"column":2},"end":{"line":149,"column":32}},"58":{"start":{"line":151,"column":2},"end":{"line":151,"column":31}},"59":{"start":{"line":152,"column":2},"end":{"line":152,"column":27}},"60":{"start":{"line":153,"column":2},"end":{"line":153,"column":25}},"61":{"start":{"line":159,"column":0},"end":{"line":178,"column":2}},"62":{"start":{"line":160,"column":2},"end":{"line":160,"column":35}},"63":{"start":{"line":161,"column":2},"end":{"line":161,"column":44}},"64":{"start":{"line":162,"column":2},"end":{"line":162,"column":62}},"65":{"start":{"line":163,"column":2},"end":{"line":163,"column":43}},"66":{"start":{"line":164,"column":2},"end":{"line":164,"column":36}},"67":{"start":{"line":168,"column":2},"end":{"line":168,"column":67}},"68":{"start":{"line":169,"column":2},"end":{"line":177,"column":3}},"69":{"start":{"line":170,"column":4},"end":{"line":176,"column":7}},"70":{"start":{"line":171,"column":6},"end":{"line":175,"column":7}},"71":{"start":{"line":172,"column":8},"end":{"line":172,"column":24}},"72":{"start":{"line":174,"column":8},"end":{"line":174,"column":50}},"73":{"start":{"line":183,"column":0},"end":{"line":190,"column":2}},"74":{"start":{"line":184,"column":2},"end":{"line":184,"column":35}},"75":{"start":{"line":185,"column":2},"end":{"line":185,"column":44}},"76":{"start":{"line":186,"column":2},"end":{"line":186,"column":62}},"77":{"start":{"line":187,"column":2},"end":{"line":187,"column":43}},"78":{"start":{"line":188,"column":2},"end":{"line":188,"column":35}},"79":{"start":{"line":189,"column":2},"end":{"line":189,"column":31}},"80":{"start":{"line":196,"column":0},"end":{"line":205,"column":2}},"81":{"start":{"line":197,"column":2},"end":{"line":197,"column":35}},"82":{"start":{"line":198,"column":2},"end":{"line":198,"column":44}},"83":{"start":{"line":199,"column":2},"end":{"line":199,"column":62}},"84":{"start":{"line":201,"column":2},"end":{"line":201,"column":27}},"85":{"start":{"line":202,"column":2},"end":{"line":202,"column":31}},"86":{"start":{"line":204,"column":2},"end":{"line":204,"column":34}},"87":{"start":{"line":210,"column":0},"end":{"line":404,"column":2}},"88":{"start":{"line":212,"column":2},"end":{"line":212,"column":31}},"89":{"start":{"line":213,"column":2},"end":{"line":213,"column":31}},"90":{"start":{"line":215,"column":2},"end":{"line":224,"column":14}},"91":{"start":{"line":228,"column":2},"end":{"line":403,"column":5}},"92":{"start":{"line":230,"column":4},"end":{"line":230,"column":28}},"93":{"start":{"line":232,"column":4},"end":{"line":235,"column":5}},"94":{"start":{"line":233,"column":6},"end":{"line":233,"column":34}},"95":{"start":{"line":234,"column":6},"end":{"line":234,"column":13}},"96":{"start":{"line":238,"column":4},"end":{"line":238,"column":59}},"97":{"start":{"line":239,"column":4},"end":{"line":239,"column":36}},"98":{"start":{"line":241,"column":4},"end":{"line":241,"column":31}},"99":{"start":{"line":243,"column":4},"end":{"line":243,"column":50}},"100":{"start":{"line":244,"column":4},"end":{"line":244,"column":14}},"101":{"start":{"line":245,"column":4},"end":{"line":245,"column":20}},"102":{"start":{"line":246,"column":4},"end":{"line":246,"column":18}},"103":{"start":{"line":247,"column":4},"end":{"line":247,"column":219}},"104":{"start":{"line":250,"column":4},"end":{"line":255,"column":5}},"105":{"start":{"line":251,"column":6},"end":{"line":251,"column":32}},"106":{"start":{"line":252,"column":6},"end":{"line":252,"column":32}},"107":{"start":{"line":253,"column":6},"end":{"line":253,"column":45}},"108":{"start":{"line":254,"column":6},"end":{"line":254,"column":46}},"109":{"start":{"line":257,"column":4},"end":{"line":257,"column":43}},"110":{"start":{"line":258,"column":4},"end":{"line":258,"column":49}},"111":{"start":{"line":259,"column":4},"end":{"line":261,"column":5}},"112":{"start":{"line":260,"column":6},"end":{"line":260,"column":57}},"113":{"start":{"line":263,"column":4},"end":{"line":263,"column":31}},"114":{"start":{"line":264,"column":4},"end":{"line":264,"column":33}},"115":{"start":{"line":265,"column":4},"end":{"line":265,"column":40}},"116":{"start":{"line":268,"column":4},"end":{"line":279,"column":5}},"117":{"start":{"line":269,"column":6},"end":{"line":269,"column":39}},"118":{"start":{"line":270,"column":6},"end":{"line":272,"column":7}},"119":{"start":{"line":271,"column":8},"end":{"line":271,"column":40}},"120":{"start":{"line":274,"column":6},"end":{"line":278,"column":9}},"121":{"start":{"line":275,"column":8},"end":{"line":275,"column":37}},"122":{"start":{"line":277,"column":8},"end":{"line":277,"column":40}},"123":{"start":{"line":282,"column":4},"end":{"line":314,"column":7}},"124":{"start":{"line":283,"column":6},"end":{"line":283,"column":35}},"125":{"start":{"line":284,"column":6},"end":{"line":286,"column":4}},"126":{"start":{"line":285,"column":8},"end":{"line":285,"column":15}},"127":{"start":{"line":288,"column":6},"end":{"line":299,"column":7}},"128":{"start":{"line":289,"column":8},"end":{"line":293,"column":11}},"129":{"start":{"line":294,"column":8},"end":{"line":295,"column":47}},"130":{"start":{"line":298,"column":8},"end":{"line":298,"column":63}},"131":{"start":{"line":301,"column":6},"end":{"line":301,"column":25}},"132":{"start":{"line":302,"column":6},"end":{"line":302,"column":47}},"133":{"start":{"line":303,"column":6},"end":{"line":303,"column":44}},"134":{"start":{"line":305,"column":6},"end":{"line":305,"column":31}},"135":{"start":{"line":306,"column":6},"end":{"line":306,"column":41}},"136":{"start":{"line":307,"column":6},"end":{"line":307,"column":37}},"137":{"start":{"line":309,"column":6},"end":{"line":313,"column":9}},"138":{"start":{"line":316,"column":4},"end":{"line":345,"column":7}},"139":{"start":{"line":317,"column":6},"end":{"line":319,"column":7}},"140":{"start":{"line":318,"column":8},"end":{"line":318,"column":15}},"141":{"start":{"line":321,"column":6},"end":{"line":321,"column":50}},"142":{"start":{"line":322,"column":6},"end":{"line":322,"column":45}},"143":{"start":{"line":323,"column":6},"end":{"line":323,"column":22}},"144":{"start":{"line":325,"column":6},"end":{"line":325,"column":28}},"145":{"start":{"line":326,"column":6},"end":{"line":326,"column":35}},"146":{"start":{"line":327,"column":6},"end":{"line":330,"column":9}},"147":{"start":{"line":331,"column":6},"end":{"line":342,"column":7}},"148":{"start":{"line":333,"column":8},"end":{"line":341,"column":11}},"149":{"start":{"line":343,"column":6},"end":{"line":343,"column":22}},"150":{"start":{"line":344,"column":6},"end":{"line":344,"column":28}},"151":{"start":{"line":348,"column":4},"end":{"line":357,"column":7}},"152":{"start":{"line":349,"column":6},"end":{"line":351,"column":7}},"153":{"start":{"line":350,"column":8},"end":{"line":350,"column":15}},"154":{"start":{"line":353,"column":6},"end":{"line":353,"column":26}},"155":{"start":{"line":354,"column":6},"end":{"line":354,"column":54}},"156":{"start":{"line":355,"column":6},"end":{"line":355,"column":38}},"157":{"start":{"line":356,"column":6},"end":{"line":356,"column":19}},"158":{"start":{"line":360,"column":4},"end":{"line":402,"column":7}},"159":{"start":{"line":361,"column":6},"end":{"line":363,"column":7}},"160":{"start":{"line":362,"column":8},"end":{"line":362,"column":15}},"161":{"start":{"line":365,"column":6},"end":{"line":365,"column":25}},"162":{"start":{"line":366,"column":6},"end":{"line":366,"column":55}},"163":{"start":{"line":367,"column":6},"end":{"line":400,"column":7}},"164":{"start":{"line":368,"column":8},"end":{"line":368,"column":42}},"165":{"start":{"line":369,"column":8},"end":{"line":371,"column":9}},"166":{"start":{"line":370,"column":10},"end":{"line":370,"column":45}},"167":{"start":{"line":374,"column":8},"end":{"line":386,"column":9}},"168":{"start":{"line":376,"column":10},"end":{"line":376,"column":53}},"169":{"start":{"line":377,"column":10},"end":{"line":377,"column":47}},"170":{"start":{"line":378,"column":10},"end":{"line":381,"column":11}},"171":{"start":{"line":380,"column":12},"end":{"line":380,"column":25}},"172":{"start":{"line":382,"column":10},"end":{"line":385,"column":11}},"173":{"start":{"line":384,"column":12},"end":{"line":384,"column":25}},"174":{"start":{"line":388,"column":8},"end":{"line":388,"column":24}},"175":{"start":{"line":389,"column":8},"end":{"line":393,"column":9}},"176":{"start":{"line":390,"column":10},"end":{"line":390,"column":37}},"177":{"start":{"line":392,"column":10},"end":{"line":392,"column":38}},"178":{"start":{"line":394,"column":8},"end":{"line":394,"column":47}},"179":{"start":{"line":396,"column":8},"end":{"line":399,"column":9}},"180":{"start":{"line":397,"column":10},"end":{"line":397,"column":32}},"181":{"start":{"line":398,"column":10},"end":{"line":398,"column":38}},"182":{"start":{"line":401,"column":6},"end":{"line":401,"column":19}},"183":{"start":{"line":406,"column":0},"end":{"line":408,"column":2}},"184":{"start":{"line":407,"column":2},"end":{"line":407,"column":29}},"185":{"start":{"line":410,"column":0},"end":{"line":412,"column":2}},"186":{"start":{"line":411,"column":2},"end":{"line":411,"column":28}},"187":{"start":{"line":414,"column":0},"end":{"line":416,"column":2}},"188":{"start":{"line":415,"column":2},"end":{"line":415,"column":29}},"189":{"start":{"line":418,"column":0},"end":{"line":420,"column":2}},"190":{"start":{"line":419,"column":2},"end":{"line":419,"column":33}},"191":{"start":{"line":422,"column":0},"end":{"line":434,"column":2}},"192":{"start":{"line":435,"column":0},"end":{"line":435,"column":26}}},"branchMap":{"1":{"line":53,"type":"if","locations":[{"start":{"line":53,"column":2},"end":{"line":53,"column":2}},{"start":{"line":53,"column":2},"end":{"line":53,"column":2}}]},"2":{"line":63,"type":"if","locations":[{"start":{"line":63,"column":2},"end":{"line":63,"column":2}},{"start":{"line":63,"column":2},"end":{"line":63,"column":2}}]},"3":{"line":66,"type":"if","locations":[{"start":{"line":66,"column":2},"end":{"line":66,"column":2}},{"start":{"line":66,"column":2},"end":{"line":66,"column":2}}]},"4":{"line":102,"type":"if","locations":[{"start":{"line":102,"column":2},"end":{"line":102,"column":2}},{"start":{"line":102,"column":2},"end":{"line":102,"column":2}}]},"5":{"line":131,"type":"if","locations":[{"start":{"line":131,"column":2},"end":{"line":131,"column":2}},{"start":{"line":131,"column":2},"end":{"line":131,"column":2}}]},"6":{"line":134,"type":"if","locations":[{"start":{"line":134,"column":2},"end":{"line":134,"column":2}},{"start":{"line":134,"column":2},"end":{"line":134,"column":2}}]},"7":{"line":144,"type":"binary-expr","locations":[{"start":{"line":144,"column":13},"end":{"line":144,"column":34}},{"start":{"line":144,"column":38},"end":{"line":144,"column":40}}]},"8":{"line":146,"type":"cond-expr","locations":[{"start":{"line":146,"column":30},"end":{"line":146,"column":53}},{"start":{"line":146,"column":56},"end":{"line":146,"column":61}}]},"9":{"line":162,"type":"cond-expr","locations":[{"start":{"line":162,"column":30},"end":{"line":162,"column":53}},{"start":{"line":162,"column":56},"end":{"line":162,"column":61}}]},"10":{"line":168,"type":"binary-expr","locations":[{"start":{"line":168,"column":16},"end":{"line":168,"column":24}},{"start":{"line":168,"column":28},"end":{"line":168,"column":43}}]},"11":{"line":169,"type":"if","locations":[{"start":{"line":169,"column":2},"end":{"line":169,"column":2}},{"start":{"line":169,"column":2},"end":{"line":169,"column":2}}]},"12":{"line":169,"type":"binary-expr","locations":[{"start":{"line":169,"column":6},"end":{"line":169,"column":43}},{"start":{"line":169,"column":47},"end":{"line":169,"column":65}}]},"13":{"line":171,"type":"if","locations":[{"start":{"line":171,"column":6},"end":{"line":171,"column":6}},{"start":{"line":171,"column":6},"end":{"line":171,"column":6}}]},"14":{"line":186,"type":"cond-expr","locations":[{"start":{"line":186,"column":30},"end":{"line":186,"column":53}},{"start":{"line":186,"column":56},"end":{"line":186,"column":61}}]},"15":{"line":199,"type":"cond-expr","locations":[{"start":{"line":199,"column":30},"end":{"line":199,"column":53}},{"start":{"line":199,"column":56},"end":{"line":199,"column":61}}]},"16":{"line":232,"type":"if","locations":[{"start":{"line":232,"column":4},"end":{"line":232,"column":4}},{"start":{"line":232,"column":4},"end":{"line":232,"column":4}}]},"17":{"line":247,"type":"cond-expr","locations":[{"start":{"line":247,"column":55},"end":{"line":247,"column":158}},{"start":{"line":247,"column":161},"end":{"line":247,"column":218}}]},"18":{"line":247,"type":"cond-expr","locations":[{"start":{"line":247,"column":96},"end":{"line":247,"column":100}},{"start":{"line":247,"column":103},"end":{"line":247,"column":108}}]},"19":{"line":250,"type":"if","locations":[{"start":{"line":250,"column":4},"end":{"line":250,"column":4}},{"start":{"line":250,"column":4},"end":{"line":250,"column":4}}]},"20":{"line":259,"type":"if","locations":[{"start":{"line":259,"column":4},"end":{"line":259,"column":4}},{"start":{"line":259,"column":4},"end":{"line":259,"column":4}}]},"21":{"line":268,"type":"if","locations":[{"start":{"line":268,"column":4},"end":{"line":268,"column":4}},{"start":{"line":268,"column":4},"end":{"line":268,"column":4}}]},"22":{"line":270,"type":"if","locations":[{"start":{"line":270,"column":6},"end":{"line":270,"column":6}},{"start":{"line":270,"column":6},"end":{"line":270,"column":6}}]},"23":{"line":284,"type":"if","locations":[{"start":{"line":284,"column":6},"end":{"line":284,"column":6}},{"start":{"line":284,"column":6},"end":{"line":284,"column":6}}]},"24":{"line":284,"type":"binary-expr","locations":[{"start":{"line":284,"column":9},"end":{"line":284,"column":23}},{"start":{"line":284,"column":27},"end":{"line":284,"column":58}}]},"25":{"line":288,"type":"if","locations":[{"start":{"line":288,"column":6},"end":{"line":288,"column":6}},{"start":{"line":288,"column":6},"end":{"line":288,"column":6}}]},"26":{"line":317,"type":"if","locations":[{"start":{"line":317,"column":6},"end":{"line":317,"column":6}},{"start":{"line":317,"column":6},"end":{"line":317,"column":6}}]},"27":{"line":331,"type":"if","locations":[{"start":{"line":331,"column":6},"end":{"line":331,"column":6}},{"start":{"line":331,"column":6},"end":{"line":331,"column":6}}]},"28":{"line":331,"type":"binary-expr","locations":[{"start":{"line":331,"column":10},"end":{"line":331,"column":36}},{"start":{"line":332,"column":10},"end":{"line":332,"column":49}}]},"29":{"line":349,"type":"if","locations":[{"start":{"line":349,"column":6},"end":{"line":349,"column":6}},{"start":{"line":349,"column":6},"end":{"line":349,"column":6}}]},"30":{"line":361,"type":"if","locations":[{"start":{"line":361,"column":6},"end":{"line":361,"column":6}},{"start":{"line":361,"column":6},"end":{"line":361,"column":6}}]},"31":{"line":367,"type":"if","locations":[{"start":{"line":367,"column":6},"end":{"line":367,"column":6}},{"start":{"line":367,"column":6},"end":{"line":367,"column":6}}]},"32":{"line":369,"type":"if","locations":[{"start":{"line":369,"column":8},"end":{"line":369,"column":8}},{"start":{"line":369,"column":8},"end":{"line":369,"column":8}}]},"33":{"line":374,"type":"if","locations":[{"start":{"line":374,"column":8},"end":{"line":374,"column":8}},{"start":{"line":374,"column":8},"end":{"line":374,"column":8}}]},"34":{"line":378,"type":"if","locations":[{"start":{"line":378,"column":10},"end":{"line":378,"column":10}},{"start":{"line":378,"column":10},"end":{"line":378,"column":10}}]},"35":{"line":378,"type":"binary-expr","locations":[{"start":{"line":378,"column":14},"end":{"line":378,"column":51}},{"start":{"line":379,"column":14},"end":{"line":379,"column":58}}]},"36":{"line":382,"type":"if","locations":[{"start":{"line":382,"column":10},"end":{"line":382,"column":10}},{"start":{"line":382,"column":10},"end":{"line":382,"column":10}}]},"37":{"line":382,"type":"binary-expr","locations":[{"start":{"line":382,"column":14},"end":{"line":382,"column":51}},{"start":{"line":383,"column":14},"end":{"line":383,"column":71}}]},"38":{"line":389,"type":"if","locations":[{"start":{"line":389,"column":8},"end":{"line":389,"column":8}},{"start":{"line":389,"column":8},"end":{"line":389,"column":8}}]},"39":{"line":396,"type":"if","locations":[{"start":{"line":396,"column":8},"end":{"line":396,"column":8}},{"start":{"line":396,"column":8},"end":{"line":396,"column":8}}]},"40":{"line":396,"type":"binary-expr","locations":[{"start":{"line":396,"column":12},"end":{"line":396,"column":34}},{"start":{"line":396,"column":38},"end":{"line":396,"column":77}}]}}}}