TN:
SF:C:\Users\nick.werle\Documents\GitHub\html5sortable\src\html.sortable.src.js
FN:24,(anonymous_1)
FN:37,(anonymous_2)
FN:47,(anonymous_3)
FN:62,(anonymous_4)
FN:75,(anonymous_5)
FN:88,(anonymous_6)
FN:101,(anonymous_7)
FN:111,(anonymous_8)
FN:121,(anonymous_9)
FN:130,(anonymous_10)
FN:143,(anonymous_11)
FN:159,(anonymous_12)
FN:170,(anonymous_13)
FN:183,(anonymous_14)
FN:196,(anonymous_15)
FN:210,(anonymous_16)
FN:228,(anonymous_17)
FN:274,(anonymous_18)
FN:276,(anonymous_19)
FN:282,(anonymous_20)
FN:316,(anonymous_21)
FN:348,(anonymous_22)
FN:360,(anonymous_23)
FN:406,(anonymous_24)
FN:410,(anonymous_25)
FN:414,(anonymous_26)
FN:418,(anonymous_27)
FNF:27
FNH:22
FNDA:58,(anonymous_1)
FNDA:58,(anonymous_2)
FNDA:4,(anonymous_3)
FNDA:5,(anonymous_4)
FNDA:4,(anonymous_5)
FNDA:3,(anonymous_6)
FNDA:41,(anonymous_7)
FNDA:18,(anonymous_8)
FNDA:18,(anonymous_9)
FNDA:5,(anonymous_10)
FNDA:17,(anonymous_11)
FNDA:40,(anonymous_12)
FNDA:0,(anonymous_13)
FNDA:2,(anonymous_14)
FNDA:39,(anonymous_15)
FNDA:59,(anonymous_16)
FNDA:59,(anonymous_17)
FNDA:2,(anonymous_18)
FNDA:0,(anonymous_19)
FNDA:3,(anonymous_20)
FNDA:0,(anonymous_21)
FNDA:0,(anonymous_22)
FNDA:0,(anonymous_23)
FNDA:17,(anonymous_24)
FNDA:1,(anonymous_25)
FNDA:2,(anonymous_26)
FNDA:59,(anonymous_27)
DA:15,1
DA:16,1
DA:17,1
DA:18,1
DA:24,1
DA:25,58
DA:26,58
DA:27,58
DA:28,58
DA:29,58
DA:30,58
DA:37,1
DA:38,58
DA:39,58
DA:40,58
DA:47,1
DA:49,4
DA:50,4
DA:53,4
DA:54,2
DA:62,1
DA:63,5
DA:64,4
DA:66,5
DA:67,4
DA:69,5
DA:75,1
DA:76,4
DA:88,1
DA:90,3
DA:92,3
DA:94,3
DA:101,1
DA:102,41
DA:103,37
DA:105,4
DA:111,1
DA:112,18
DA:113,18
DA:114,18
DA:115,18
DA:121,1
DA:122,18
DA:123,18
DA:124,18
DA:130,1
DA:131,5
DA:132,1
DA:134,4
DA:135,3
DA:137,1
DA:143,1
DA:144,17
DA:145,17
DA:146,17
DA:148,17
DA:149,17
DA:151,17
DA:152,17
DA:153,17
DA:159,1
DA:160,40
DA:161,40
DA:162,40
DA:163,40
DA:164,40
DA:168,40
DA:169,40
DA:170,0
DA:171,0
DA:172,0
DA:174,0
DA:183,1
DA:184,2
DA:185,2
DA:186,2
DA:187,2
DA:188,2
DA:189,2
DA:196,1
DA:197,39
DA:198,39
DA:199,39
DA:201,39
DA:202,39
DA:204,39
DA:210,1
DA:212,59
DA:213,59
DA:215,59
DA:228,59
DA:230,59
DA:232,59
DA:233,20
DA:234,20
DA:238,39
DA:239,39
DA:241,39
DA:243,39
DA:244,39
DA:245,39
DA:246,39
DA:247,39
DA:250,39
DA:251,31
DA:252,31
DA:253,31
DA:254,31
DA:257,39
DA:258,39
DA:259,39
DA:260,27
DA:263,39
DA:264,39
DA:265,39
DA:268,39
DA:269,2
DA:270,2
DA:271,1
DA:274,2
DA:275,2
DA:277,0
DA:282,39
DA:283,3
DA:284,3
DA:285,1
DA:288,2
DA:289,0
DA:294,0
DA:298,2
DA:301,2
DA:302,2
DA:303,2
DA:305,2
DA:306,2
DA:307,2
DA:309,2
DA:316,39
DA:317,0
DA:318,0
DA:321,0
DA:322,0
DA:323,0
DA:325,0
DA:326,0
DA:327,0
DA:331,0
DA:333,0
DA:343,0
DA:344,0
DA:348,39
DA:349,0
DA:350,0
DA:353,0
DA:354,0
DA:355,0
DA:356,0
DA:360,39
DA:361,0
DA:362,0
DA:365,0
DA:366,0
DA:367,0
DA:368,0
DA:369,0
DA:370,0
DA:374,0
DA:376,0
DA:377,0
DA:378,0
DA:380,0
DA:382,0
DA:384,0
DA:388,0
DA:389,0
DA:390,0
DA:392,0
DA:394,0
DA:396,0
DA:397,0
DA:398,0
DA:401,0
DA:406,1
DA:407,17
DA:410,1
DA:411,1
DA:414,1
DA:415,2
DA:418,1
DA:419,59
DA:422,1
DA:435,1
LF:192
LH:143
BRDA:53,1,0,2
BRDA:53,1,1,2
BRDA:63,2,0,4
BRDA:63,2,1,1
BRDA:66,3,0,4
BRDA:66,3,1,1
BRDA:102,4,0,37
BRDA:102,4,1,4
BRDA:131,5,0,1
BRDA:131,5,1,4
BRDA:134,6,0,3
BRDA:134,6,1,1
BRDA:144,7,0,17
BRDA:144,7,1,6
BRDA:146,8,0,0
BRDA:146,8,1,17
BRDA:162,9,0,2
BRDA:162,9,1,38
BRDA:168,10,0,40
BRDA:168,10,1,0
BRDA:169,11,0,0
BRDA:169,11,1,40
BRDA:169,12,0,40
BRDA:169,12,1,0
BRDA:171,13,0,0
BRDA:171,13,1,0
BRDA:186,14,0,0
BRDA:186,14,1,2
BRDA:199,15,0,2
BRDA:199,15,1,37
BRDA:232,16,0,20
BRDA:232,16,1,39
BRDA:247,17,0,39
BRDA:247,17,1,0
BRDA:247,18,0,39
BRDA:247,18,1,0
BRDA:250,19,0,31
BRDA:250,19,1,8
BRDA:259,20,0,27
BRDA:259,20,1,12
BRDA:268,21,0,2
BRDA:268,21,1,37
BRDA:270,22,0,1
BRDA:270,22,1,1
BRDA:284,23,0,1
BRDA:284,23,1,2
BRDA:284,24,0,3
BRDA:284,24,1,2
BRDA:288,25,0,0
BRDA:288,25,1,2
BRDA:317,26,0,0
BRDA:317,26,1,0
BRDA:331,27,0,0
BRDA:331,27,1,0
BRDA:331,28,0,0
BRDA:331,28,1,0
BRDA:349,29,0,0
BRDA:349,29,1,0
BRDA:361,30,0,0
BRDA:361,30,1,0
BRDA:367,31,0,0
BRDA:367,31,1,0
BRDA:369,32,0,0
BRDA:369,32,1,0
BRDA:374,33,0,0
BRDA:374,33,1,0
BRDA:378,34,0,0
BRDA:378,34,1,0
BRDA:378,35,0,0
BRDA:378,35,1,0
BRDA:382,36,0,0
BRDA:382,36,1,0
BRDA:382,37,0,0
BRDA:382,37,1,0
BRDA:389,38,0,0
BRDA:389,38,1,0
BRDA:396,39,0,0
BRDA:396,39,1,0
BRDA:396,40,0,0
BRDA:396,40,1,0
BRF:80
BRH:40
end_of_record
